<?xml version="1.0" encoding="UTF-8"?>
<testng-results skipped="0" failed="0" ignored="0" total="1" passed="1">
  <reporter-output>
  </reporter-output>
  <suite name="Suite" duration-ms="55800" started-at="2020-10-22T18:40:28Z" finished-at="2020-10-22T18:41:24Z">
    <groups>
    </groups>
    <test name="Test" duration-ms="55800" started-at="2020-10-22T18:40:28Z" finished-at="2020-10-22T18:41:24Z">
      <class name="Automation_test.HomePage">
        <test-method status="PASS" signature="initialize()[pri:0, instance:Automation_test.HomePage@8909f18]" name="initialize" is-config="true" duration-ms="3836" started-at="2020-10-23T00:10:28Z" finished-at="2020-10-23T00:10:32Z">
          <reporter-output>
          </reporter-output>
        </test-method> <!-- initialize -->
        <test-method status="PASS" signature="basePageNavigation()[pri:0, instance:Automation_test.HomePage@8909f18]" name="basePageNavigation" duration-ms="43268" started-at="2020-10-23T00:10:32Z" finished-at="2020-10-23T00:11:15Z">
          <reporter-output>
          </reporter-output>
        </test-method> <!-- basePageNavigation -->
        <test-method status="PASS" signature="teardown()[pri:0, instance:Automation_test.HomePage@8909f18]" name="teardown" is-config="true" duration-ms="8675" started-at="2020-10-23T00:11:15Z" finished-at="2020-10-23T00:11:24Z">
          <reporter-output>
          </reporter-output>
        </test-method> <!-- teardown -->
      </class> <!-- Automation_test.HomePage -->
    </test> <!-- Test -->
  </suite> <!-- Suite -->
</testng-results>
